[debug] [2020-11-25T15:12:30.325Z] ----------------------------------------------------------------------
[debug] [2020-11-25T15:12:30.327Z] Command:       C:\Program Files\nodejs\node.exe C:\Users\thinn\AppData\Roaming\npm\node_modules\firebase-tools\lib\bin\firebase.js emulators:start
[debug] [2020-11-25T15:12:30.328Z] CLI Version:   8.14.0
[debug] [2020-11-25T15:12:30.328Z] Platform:      win32
[debug] [2020-11-25T15:12:30.328Z] Node Version:  v12.19.0
[debug] [2020-11-25T15:12:30.330Z] Time:          Wed Nov 25 2020 20:42:30 GMT+0530 (India Standard Time)
[debug] [2020-11-25T15:12:30.330Z] ----------------------------------------------------------------------
[debug] [2020-11-25T15:12:30.331Z] 
[debug] [2020-11-25T15:12:30.361Z] > command requires scopes: ["email","openid","https://www.googleapis.com/auth/cloudplatformprojects.readonly","https://www.googleapis.com/auth/firebase","https://www.googleapis.com/auth/cloud-platform"]
[debug] [2020-11-25T15:12:30.362Z] > authorizing via signed-in user
[info] i  emulators: Starting emulators: functions, hosting {"metadata":{"emulator":{"name":"hub"},"message":"Starting emulators: functions, hosting"}}
[debug] [2020-11-25T15:12:30.423Z] [hub] writing locator at C:\Users\thinn\AppData\Local\Temp\hub-clone-faf79.json
[warn] !  functions: The following emulators are not running, calls to these services from the Functions emulator will affect production: auth, firestore, database, pubsub {"metadata":{"emulator":{"name":"functions"},"message":"The following emulators are not running, calls to these services from the Functions emulator will affect production: \u001b[1mauth, firestore, database, pubsub\u001b[22m"}}
[info] +  functions: Using node@12 from host. {"metadata":{"emulator":{"name":"functions"},"message":"Using node@12 from host."}}
[debug] [2020-11-25T15:12:30.523Z] defaultcredentials: writing to file C:\Users\thinn\AppData\Roaming\firebase\sivakamit_gmail_com_application_default_credentials.json
[debug] [2020-11-25T15:12:30.528Z] Setting GAC to C:\Users\thinn\AppData\Roaming\firebase\sivakamit_gmail_com_application_default_credentials.json {"metadata":{"emulator":{"name":"functions"},"message":"Setting GAC to C:\\Users\\thinn\\AppData\\Roaming\\firebase\\sivakamit_gmail_com_application_default_credentials.json"}}
[debug] [2020-11-25T15:12:30.555Z] > refreshing access token with scopes: ["email","https://www.googleapis.com/auth/cloud-platform","https://www.googleapis.com/auth/cloudplatformprojects.readonly","https://www.googleapis.com/auth/firebase","openid"]
[debug] [2020-11-25T15:12:30.557Z] >>> HTTP REQUEST POST https://www.googleapis.com/oauth2/v3/token  
 <request body omitted>
[debug] [2020-11-25T15:12:31.006Z] <<< HTTP RESPONSE 200 {"pragma":"no-cache","date":"Wed, 25 Nov 2020 15:12:31 GMT","cache-control":"no-cache, no-store, max-age=0, must-revalidate","expires":"Mon, 01 Jan 1990 00:00:00 GMT","content-type":"application/json; charset=utf-8","vary":"X-Origin, Referer, Origin,Accept-Encoding","server":"scaffolding on HTTPServer2","x-xss-protection":"0","x-frame-options":"SAMEORIGIN","x-content-type-options":"nosniff","alt-svc":"h3-29=\":443\"; ma=2592000,h3-T051=\":443\"; ma=2592000,h3-Q050=\":443\"; ma=2592000,h3-Q046=\":443\"; ma=2592000,h3-Q043=\":443\"; ma=2592000,quic=\":443\"; ma=2592000; v=\"46,43\"","accept-ranges":"none","transfer-encoding":"chunked"}
[debug] [2020-11-25T15:12:31.041Z] >>> HTTP REQUEST GET https://firebase.googleapis.com/v1beta1/projects/clone-faf79/webApps/-/config  
 
[debug] [2020-11-25T15:12:32.692Z] <<< HTTP RESPONSE 200 {"content-type":"application/json; charset=UTF-8","vary":"X-Origin, Referer, Origin,Accept-Encoding","date":"Wed, 25 Nov 2020 15:12:32 GMT","server":"ESF","cache-control":"private","x-xss-protection":"0","x-frame-options":"SAMEORIGIN","x-content-type-options":"nosniff","alt-svc":"h3-29=\":443\"; ma=2592000,h3-T051=\":443\"; ma=2592000,h3-Q050=\":443\"; ma=2592000,h3-Q046=\":443\"; ma=2592000,h3-Q043=\":443\"; ma=2592000,quic=\":443\"; ma=2592000; v=\"46,43\"","accept-ranges":"none","transfer-encoding":"chunked"}
[info] i  hosting: Serving hosting files from: build {"metadata":{"emulator":{"name":"hosting"},"message":"Serving hosting files from: \u001b[1mbuild\u001b[22m"}}
[info] +  hosting: Local server: http://localhost:5000 {"metadata":{"emulator":{"name":"hosting"},"message":"Local server: \u001b[4m\u001b[1mhttp://localhost:5000\u001b[22m\u001b[24m"}}
[debug] [2020-11-25T15:12:32.950Z] Ignoring unsupported arg: auto_download {"metadata":{"emulator":{"name":"ui"},"message":"Ignoring unsupported arg: auto_download"}}
[debug] [2020-11-25T15:12:32.951Z] Ignoring unsupported arg: port {"metadata":{"emulator":{"name":"ui"},"message":"Ignoring unsupported arg: port"}}
[debug] [2020-11-25T15:12:32.951Z] Starting Emulator UI with command {"binary":"node","args":["C:\\Users\\thinn\\.cache\\firebase\\emulators\\ui-v1.2.2\\server.bundle.js"],"optionalArgs":[],"joinArgs":false} {"metadata":{"emulator":{"name":"ui"},"message":"Starting Emulator UI with command {\"binary\":\"node\",\"args\":[\"C:\\\\Users\\\\thinn\\\\.cache\\\\firebase\\\\emulators\\\\ui-v1.2.2\\\\server.bundle.js\"],\"optionalArgs\":[],\"joinArgs\":false}"}}
[info] i  ui: Emulator UI logging to ui-debug.log {"metadata":{"emulator":{"name":"ui"},"message":"Emulator UI logging to \u001b[1mui-debug.log\u001b[22m"}}
[debug] [2020-11-25T15:12:33.131Z] Web / API server started at http://localhost:4000
 {"metadata":{"emulator":{"name":"ui"},"message":"Web / API server started at http://localhost:4000\n"}}
[info] i  functions: Watching "C:\Users\thinn\OneDrive\Desktop\amazon clone\amazon-clone\functions" for Cloud Functions... {"metadata":{"emulator":{"name":"functions"},"message":"Watching \"C:\\Users\\thinn\\OneDrive\\Desktop\\amazon clone\\amazon-clone\\functions\" for Cloud Functions..."}}
[debug] [2020-11-25T15:12:33.276Z] [worker-pool] addWorker(~diagnostic~) {"metadata":{"emulator":{"name":"functions"},"message":"[worker-pool] addWorker(~diagnostic~)"}}
[debug] [2020-11-25T15:12:33.277Z] [worker-pool] Adding worker with key ~diagnostic~, total=1 {"metadata":{"emulator":{"name":"functions"},"message":"[worker-pool] Adding worker with key ~diagnostic~, total=1"}}
[debug] [2020-11-25T15:12:33.277Z] [worker-pool] submitWork(triggerId=) {"metadata":{"emulator":{"name":"functions"},"message":"[worker-pool] submitWork(triggerId=)"}}
[debug] [2020-11-25T15:12:33.277Z] [worker-~diagnostic~-60c5b9a3-476b-4e1d-931d-d8d5a964f96b]: Assigning socketPath: \\?\pipe\C:\Users\thinn\OneDrive\Desktop\amazon clone\amazon-clone\functions\15668 {"metadata":{"emulator":{"name":"functions"},"message":"[worker-~diagnostic~-60c5b9a3-476b-4e1d-931d-d8d5a964f96b]: Assigning socketPath: \\\\?\\pipe\\C:\\Users\\thinn\\OneDrive\\Desktop\\amazon clone\\amazon-clone\\functions\\15668"}}
[debug] [2020-11-25T15:12:33.277Z] [worker-~diagnostic~-60c5b9a3-476b-4e1d-931d-d8d5a964f96b]: BUSY {"metadata":{"emulator":{"name":"functions"},"message":"[worker-~diagnostic~-60c5b9a3-476b-4e1d-931d-d8d5a964f96b]: BUSY"}}
[debug] [2020-11-25T15:12:33.881Z] [runtime-status] [15668] Functions runtime initialized. {"cwd":"C:\\Users\\thinn\\OneDrive\\Desktop\\amazon clone\\amazon-clone\\functions","node_version":"12.19.0"} {"metadata":{"emulator":{"name":"functions"},"message":"[runtime-status] [15668] Functions runtime initialized. {\"cwd\":\"C:\\\\Users\\\\thinn\\\\OneDrive\\\\Desktop\\\\amazon clone\\\\amazon-clone\\\\functions\",\"node_version\":\"12.19.0\"}"}}
[debug] [2020-11-25T15:12:33.886Z] [runtime-status] [15668] Disabled runtime features: undefined {"metadata":{"emulator":{"name":"functions"},"message":"[runtime-status] [15668] Disabled runtime features: undefined"}}
[debug] [2020-11-25T15:12:33.919Z] [runtime-status] [15668] Resolved module firebase-admin {"declared":true,"installed":true,"version":"9.3.0","resolution":"C:\\Users\\thinn\\OneDrive\\Desktop\\amazon clone\\amazon-clone\\functions\\node_modules\\firebase-admin\\lib\\index.js"} {"metadata":{"emulator":{"name":"functions"},"message":"[runtime-status] [15668] Resolved module firebase-admin {\"declared\":true,\"installed\":true,\"version\":\"9.3.0\",\"resolution\":\"C:\\\\Users\\\\thinn\\\\OneDrive\\\\Desktop\\\\amazon clone\\\\amazon-clone\\\\functions\\\\node_modules\\\\firebase-admin\\\\lib\\\\index.js\"}"}}
[debug] [2020-11-25T15:12:33.966Z] [runtime-status] [15668] Resolved module firebase-functions {"declared":true,"installed":true,"version":"3.11.0","resolution":"C:\\Users\\thinn\\OneDrive\\Desktop\\amazon clone\\amazon-clone\\functions\\node_modules\\firebase-functions\\lib\\index.js"} {"metadata":{"emulator":{"name":"functions"},"message":"[runtime-status] [15668] Resolved module firebase-functions {\"declared\":true,\"installed\":true,\"version\":\"3.11.0\",\"resolution\":\"C:\\\\Users\\\\thinn\\\\OneDrive\\\\Desktop\\\\amazon clone\\\\amazon-clone\\\\functions\\\\node_modules\\\\firebase-functions\\\\lib\\\\index.js\"}"}}
[debug] [2020-11-25T15:12:33.968Z] [runtime-status] [15668] Resolved module firebase-functions {"declared":true,"installed":true,"version":"3.11.0","resolution":"C:\\Users\\thinn\\OneDrive\\Desktop\\amazon clone\\amazon-clone\\functions\\node_modules\\firebase-functions\\lib\\index.js"} {"metadata":{"emulator":{"name":"functions"},"message":"[runtime-status] [15668] Resolved module firebase-functions {\"declared\":true,\"installed\":true,\"version\":\"3.11.0\",\"resolution\":\"C:\\\\Users\\\\thinn\\\\OneDrive\\\\Desktop\\\\amazon clone\\\\amazon-clone\\\\functions\\\\node_modules\\\\firebase-functions\\\\lib\\\\index.js\"}"}}
[debug] [2020-11-25T15:12:33.972Z] [runtime-status] [15668] Outgoing network have been stubbed. [{"name":"http","status":"mocked"},{"name":"http","status":"mocked"},{"name":"https","status":"mocked"},{"name":"https","status":"mocked"},{"name":"net","status":"mocked"}] {"metadata":{"emulator":{"name":"functions"},"message":"[runtime-status] [15668] Outgoing network have been stubbed. [{\"name\":\"http\",\"status\":\"mocked\"},{\"name\":\"http\",\"status\":\"mocked\"},{\"name\":\"https\",\"status\":\"mocked\"},{\"name\":\"https\",\"status\":\"mocked\"},{\"name\":\"net\",\"status\":\"mocked\"}]"}}
[debug] [2020-11-25T15:12:33.973Z] [runtime-status] [15668] Resolved module firebase-functions {"declared":true,"installed":true,"version":"3.11.0","resolution":"C:\\Users\\thinn\\OneDrive\\Desktop\\amazon clone\\amazon-clone\\functions\\node_modules\\firebase-functions\\lib\\index.js"} {"metadata":{"emulator":{"name":"functions"},"message":"[runtime-status] [15668] Resolved module firebase-functions {\"declared\":true,\"installed\":true,\"version\":\"3.11.0\",\"resolution\":\"C:\\\\Users\\\\thinn\\\\OneDrive\\\\Desktop\\\\amazon clone\\\\amazon-clone\\\\functions\\\\node_modules\\\\firebase-functions\\\\lib\\\\index.js\"}"}}
[debug] [2020-11-25T15:12:34.573Z] [runtime-status] [15668] Checked functions.config() {"config":{}} {"metadata":{"emulator":{"name":"functions"},"message":"[runtime-status] [15668] Checked functions.config() {\"config\":{}}"}}
[debug] [2020-11-25T15:12:34.574Z] [runtime-status] [15668] firebase-functions has been stubbed. {"functionsResolution":{"declared":true,"installed":true,"version":"3.11.0","resolution":"C:\\Users\\thinn\\OneDrive\\Desktop\\amazon clone\\amazon-clone\\functions\\node_modules\\firebase-functions\\lib\\index.js"}} {"metadata":{"emulator":{"name":"functions"},"message":"[runtime-status] [15668] firebase-functions has been stubbed. {\"functionsResolution\":{\"declared\":true,\"installed\":true,\"version\":\"3.11.0\",\"resolution\":\"C:\\\\Users\\\\thinn\\\\OneDrive\\\\Desktop\\\\amazon clone\\\\amazon-clone\\\\functions\\\\node_modules\\\\firebase-functions\\\\lib\\\\index.js\"}}"}}
[debug] [2020-11-25T15:12:34.574Z] [runtime-status] [15668] Resolved module firebase-functions {"declared":true,"installed":true,"version":"3.11.0","resolution":"C:\\Users\\thinn\\OneDrive\\Desktop\\amazon clone\\amazon-clone\\functions\\node_modules\\firebase-functions\\lib\\index.js"} {"metadata":{"emulator":{"name":"functions"},"message":"[runtime-status] [15668] Resolved module firebase-functions {\"declared\":true,\"installed\":true,\"version\":\"3.11.0\",\"resolution\":\"C:\\\\Users\\\\thinn\\\\OneDrive\\\\Desktop\\\\amazon clone\\\\amazon-clone\\\\functions\\\\node_modules\\\\firebase-functions\\\\lib\\\\index.js\"}"}}
[debug] [2020-11-25T15:12:34.575Z] [runtime-status] [15668] Resolved module firebase-admin {"declared":true,"installed":true,"version":"9.3.0","resolution":"C:\\Users\\thinn\\OneDrive\\Desktop\\amazon clone\\amazon-clone\\functions\\node_modules\\firebase-admin\\lib\\index.js"} {"metadata":{"emulator":{"name":"functions"},"message":"[runtime-status] [15668] Resolved module firebase-admin {\"declared\":true,\"installed\":true,\"version\":\"9.3.0\",\"resolution\":\"C:\\\\Users\\\\thinn\\\\OneDrive\\\\Desktop\\\\amazon clone\\\\amazon-clone\\\\functions\\\\node_modules\\\\firebase-admin\\\\lib\\\\index.js\"}"}}
[debug] [2020-11-25T15:12:34.576Z] [runtime-status] [15668] Resolved module firebase-functions {"declared":true,"installed":true,"version":"3.11.0","resolution":"C:\\Users\\thinn\\OneDrive\\Desktop\\amazon clone\\amazon-clone\\functions\\node_modules\\firebase-functions\\lib\\index.js"} {"metadata":{"emulator":{"name":"functions"},"message":"[runtime-status] [15668] Resolved module firebase-functions {\"declared\":true,\"installed\":true,\"version\":\"3.11.0\",\"resolution\":\"C:\\\\Users\\\\thinn\\\\OneDrive\\\\Desktop\\\\amazon clone\\\\amazon-clone\\\\functions\\\\node_modules\\\\firebase-functions\\\\lib\\\\index.js\"}"}}
[debug] [2020-11-25T15:12:34.576Z] [runtime-status] [15668] firebase-admin has been stubbed. {"adminResolution":{"declared":true,"installed":true,"version":"9.3.0","resolution":"C:\\Users\\thinn\\OneDrive\\Desktop\\amazon clone\\amazon-clone\\functions\\node_modules\\firebase-admin\\lib\\index.js"}} {"metadata":{"emulator":{"name":"functions"},"message":"[runtime-status] [15668] firebase-admin has been stubbed. {\"adminResolution\":{\"declared\":true,\"installed\":true,\"version\":\"9.3.0\",\"resolution\":\"C:\\\\Users\\\\thinn\\\\OneDrive\\\\Desktop\\\\amazon clone\\\\amazon-clone\\\\functions\\\\node_modules\\\\firebase-admin\\\\lib\\\\index.js\"}}"}}
[info] +  functions[api]: http function initialized (http://localhost:5001/clone-faf79/us-central1/api). {"metadata":{"emulator":{"name":"functions"},"message":"\u001b[1mhttp\u001b[22m function initialized (http://localhost:5001/clone-faf79/us-central1/api)."}}
[info] 
┌───────────────────────────────────────────────────────────────────────┐
│ ✔  All emulators ready! View status and logs at http://localhost:4000 │
└───────────────────────────────────────────────────────────────────────┘

┌───────────┬────────────────┬─────────────────────────────────┐
│ Emulator  │ Host:Port      │ View in Emulator UI             │
├───────────┼────────────────┼─────────────────────────────────┤
│ Functions │ localhost:5001 │ http://localhost:4000/functions │
├───────────┼────────────────┼─────────────────────────────────┤
│ Hosting   │ localhost:5000 │ n/a                             │
└───────────┴────────────────┴─────────────────────────────────┘
  Other reserved ports: 4400, 4500

Issues? Report them at https://github.com/firebase/firebase-tools/issues and attach the *-debug.log files.
 
[debug] [2020-11-25T15:12:36.654Z] [worker-~diagnostic~-60c5b9a3-476b-4e1d-931d-d8d5a964f96b]: IDLE {"metadata":{"emulator":{"name":"functions"},"message":"[worker-~diagnostic~-60c5b9a3-476b-4e1d-931d-d8d5a964f96b]: IDLE"}}
[debug] [2020-11-25T15:14:36.576Z] [work-queue] {"queueLength":1,"workRunningCount":0}
[debug] [2020-11-25T15:14:36.578Z] [work-queue] {"queueLength":0,"workRunningCount":1}
[debug] [2020-11-25T15:14:36.579Z] Accepted request GET /clone-faf79/us-central1/api --> api
[debug] [2020-11-25T15:14:36.593Z] [worker-pool] addWorker(api) {"metadata":{"emulator":{"name":"functions"},"message":"[worker-pool] addWorker(api)"}}
[debug] [2020-11-25T15:14:36.595Z] [worker-pool] Adding worker with key api, total=1 {"metadata":{"emulator":{"name":"functions"},"message":"[worker-pool] Adding worker with key api, total=1"}}
[debug] [2020-11-25T15:14:36.596Z] [worker-pool] submitWork(triggerId=api) {"metadata":{"emulator":{"name":"functions"},"message":"[worker-pool] submitWork(triggerId=api)"}}
[debug] [2020-11-25T15:14:36.596Z] [worker-api-3b087945-da0c-4fab-aeb5-91af240b6fd6]: Assigning socketPath: \\?\pipe\C:\Users\thinn\OneDrive\Desktop\amazon clone\amazon-clone\functions\8832 {"metadata":{"emulator":{"name":"functions"},"message":"[worker-api-3b087945-da0c-4fab-aeb5-91af240b6fd6]: Assigning socketPath: \\\\?\\pipe\\C:\\Users\\thinn\\OneDrive\\Desktop\\amazon clone\\amazon-clone\\functions\\8832"}}
[debug] [2020-11-25T15:14:36.597Z] [worker-api-3b087945-da0c-4fab-aeb5-91af240b6fd6]: BUSY {"metadata":{"emulator":{"name":"functions"},"message":"[worker-api-3b087945-da0c-4fab-aeb5-91af240b6fd6]: BUSY"}}
[debug] [2020-11-25T15:14:37.034Z] [runtime-status] [8832] Functions runtime initialized. {"cwd":"C:\\Users\\thinn\\OneDrive\\Desktop\\amazon clone\\amazon-clone\\functions","node_version":"12.19.0"} {"metadata":{"emulator":{"name":"functions"},"function":{"name":"api"},"message":"[runtime-status] [8832] Functions runtime initialized. {\"cwd\":\"C:\\\\Users\\\\thinn\\\\OneDrive\\\\Desktop\\\\amazon clone\\\\amazon-clone\\\\functions\",\"node_version\":\"12.19.0\"}"}}
[debug] [2020-11-25T15:14:37.036Z] [runtime-status] [8832] Disabled runtime features: undefined {"metadata":{"emulator":{"name":"functions"},"function":{"name":"api"},"message":"[runtime-status] [8832] Disabled runtime features: undefined"}}
[debug] [2020-11-25T15:14:37.040Z] [runtime-status] [8832] Resolved module firebase-admin {"declared":true,"installed":true,"version":"9.3.0","resolution":"C:\\Users\\thinn\\OneDrive\\Desktop\\amazon clone\\amazon-clone\\functions\\node_modules\\firebase-admin\\lib\\index.js"} {"metadata":{"emulator":{"name":"functions"},"function":{"name":"api"},"message":"[runtime-status] [8832] Resolved module firebase-admin {\"declared\":true,\"installed\":true,\"version\":\"9.3.0\",\"resolution\":\"C:\\\\Users\\\\thinn\\\\OneDrive\\\\Desktop\\\\amazon clone\\\\amazon-clone\\\\functions\\\\node_modules\\\\firebase-admin\\\\lib\\\\index.js\"}"}}
[debug] [2020-11-25T15:14:37.045Z] [runtime-status] [8832] Resolved module firebase-functions {"declared":true,"installed":true,"version":"3.11.0","resolution":"C:\\Users\\thinn\\OneDrive\\Desktop\\amazon clone\\amazon-clone\\functions\\node_modules\\firebase-functions\\lib\\index.js"} {"metadata":{"emulator":{"name":"functions"},"function":{"name":"api"},"message":"[runtime-status] [8832] Resolved module firebase-functions {\"declared\":true,\"installed\":true,\"version\":\"3.11.0\",\"resolution\":\"C:\\\\Users\\\\thinn\\\\OneDrive\\\\Desktop\\\\amazon clone\\\\amazon-clone\\\\functions\\\\node_modules\\\\firebase-functions\\\\lib\\\\index.js\"}"}}
[debug] [2020-11-25T15:14:37.046Z] [runtime-status] [8832] Resolved module firebase-functions {"declared":true,"installed":true,"version":"3.11.0","resolution":"C:\\Users\\thinn\\OneDrive\\Desktop\\amazon clone\\amazon-clone\\functions\\node_modules\\firebase-functions\\lib\\index.js"} {"metadata":{"emulator":{"name":"functions"},"function":{"name":"api"},"message":"[runtime-status] [8832] Resolved module firebase-functions {\"declared\":true,\"installed\":true,\"version\":\"3.11.0\",\"resolution\":\"C:\\\\Users\\\\thinn\\\\OneDrive\\\\Desktop\\\\amazon clone\\\\amazon-clone\\\\functions\\\\node_modules\\\\firebase-functions\\\\lib\\\\index.js\"}"}}
[debug] [2020-11-25T15:14:37.048Z] [runtime-status] [8832] Outgoing network have been stubbed. [{"name":"http","status":"mocked"},{"name":"http","status":"mocked"},{"name":"https","status":"mocked"},{"name":"https","status":"mocked"},{"name":"net","status":"mocked"}] {"metadata":{"emulator":{"name":"functions"},"function":{"name":"api"},"message":"[runtime-status] [8832] Outgoing network have been stubbed. [{\"name\":\"http\",\"status\":\"mocked\"},{\"name\":\"http\",\"status\":\"mocked\"},{\"name\":\"https\",\"status\":\"mocked\"},{\"name\":\"https\",\"status\":\"mocked\"},{\"name\":\"net\",\"status\":\"mocked\"}]"}}
[debug] [2020-11-25T15:14:37.049Z] [runtime-status] [8832] Resolved module firebase-functions {"declared":true,"installed":true,"version":"3.11.0","resolution":"C:\\Users\\thinn\\OneDrive\\Desktop\\amazon clone\\amazon-clone\\functions\\node_modules\\firebase-functions\\lib\\index.js"} {"metadata":{"emulator":{"name":"functions"},"function":{"name":"api"},"message":"[runtime-status] [8832] Resolved module firebase-functions {\"declared\":true,\"installed\":true,\"version\":\"3.11.0\",\"resolution\":\"C:\\\\Users\\\\thinn\\\\OneDrive\\\\Desktop\\\\amazon clone\\\\amazon-clone\\\\functions\\\\node_modules\\\\firebase-functions\\\\lib\\\\index.js\"}"}}
[debug] [2020-11-25T15:14:37.096Z] [runtime-status] [8832] Checked functions.config() {"config":{}} {"metadata":{"emulator":{"name":"functions"},"function":{"name":"api"},"message":"[runtime-status] [8832] Checked functions.config() {\"config\":{}}"}}
[debug] [2020-11-25T15:14:37.096Z] [runtime-status] [8832] firebase-functions has been stubbed. {"functionsResolution":{"declared":true,"installed":true,"version":"3.11.0","resolution":"C:\\Users\\thinn\\OneDrive\\Desktop\\amazon clone\\amazon-clone\\functions\\node_modules\\firebase-functions\\lib\\index.js"}} {"metadata":{"emulator":{"name":"functions"},"function":{"name":"api"},"message":"[runtime-status] [8832] firebase-functions has been stubbed. {\"functionsResolution\":{\"declared\":true,\"installed\":true,\"version\":\"3.11.0\",\"resolution\":\"C:\\\\Users\\\\thinn\\\\OneDrive\\\\Desktop\\\\amazon clone\\\\amazon-clone\\\\functions\\\\node_modules\\\\firebase-functions\\\\lib\\\\index.js\"}}"}}
[debug] [2020-11-25T15:14:37.097Z] [runtime-status] [8832] Resolved module firebase-functions {"declared":true,"installed":true,"version":"3.11.0","resolution":"C:\\Users\\thinn\\OneDrive\\Desktop\\amazon clone\\amazon-clone\\functions\\node_modules\\firebase-functions\\lib\\index.js"} {"metadata":{"emulator":{"name":"functions"},"function":{"name":"api"},"message":"[runtime-status] [8832] Resolved module firebase-functions {\"declared\":true,\"installed\":true,\"version\":\"3.11.0\",\"resolution\":\"C:\\\\Users\\\\thinn\\\\OneDrive\\\\Desktop\\\\amazon clone\\\\amazon-clone\\\\functions\\\\node_modules\\\\firebase-functions\\\\lib\\\\index.js\"}"}}
[debug] [2020-11-25T15:14:37.099Z] [runtime-status] [8832] Resolved module firebase-admin {"declared":true,"installed":true,"version":"9.3.0","resolution":"C:\\Users\\thinn\\OneDrive\\Desktop\\amazon clone\\amazon-clone\\functions\\node_modules\\firebase-admin\\lib\\index.js"} {"metadata":{"emulator":{"name":"functions"},"function":{"name":"api"},"message":"[runtime-status] [8832] Resolved module firebase-admin {\"declared\":true,\"installed\":true,\"version\":\"9.3.0\",\"resolution\":\"C:\\\\Users\\\\thinn\\\\OneDrive\\\\Desktop\\\\amazon clone\\\\amazon-clone\\\\functions\\\\node_modules\\\\firebase-admin\\\\lib\\\\index.js\"}"}}
[debug] [2020-11-25T15:14:37.099Z] [runtime-status] [8832] Resolved module firebase-functions {"declared":true,"installed":true,"version":"3.11.0","resolution":"C:\\Users\\thinn\\OneDrive\\Desktop\\amazon clone\\amazon-clone\\functions\\node_modules\\firebase-functions\\lib\\index.js"} {"metadata":{"emulator":{"name":"functions"},"function":{"name":"api"},"message":"[runtime-status] [8832] Resolved module firebase-functions {\"declared\":true,\"installed\":true,\"version\":\"3.11.0\",\"resolution\":\"C:\\\\Users\\\\thinn\\\\OneDrive\\\\Desktop\\\\amazon clone\\\\amazon-clone\\\\functions\\\\node_modules\\\\firebase-functions\\\\lib\\\\index.js\"}"}}
[debug] [2020-11-25T15:14:37.100Z] [runtime-status] [8832] firebase-admin has been stubbed. {"adminResolution":{"declared":true,"installed":true,"version":"9.3.0","resolution":"C:\\Users\\thinn\\OneDrive\\Desktop\\amazon clone\\amazon-clone\\functions\\node_modules\\firebase-admin\\lib\\index.js"}} {"metadata":{"emulator":{"name":"functions"},"function":{"name":"api"},"message":"[runtime-status] [8832] firebase-admin has been stubbed. {\"adminResolution\":{\"declared\":true,\"installed\":true,\"version\":\"9.3.0\",\"resolution\":\"C:\\\\Users\\\\thinn\\\\OneDrive\\\\Desktop\\\\amazon clone\\\\amazon-clone\\\\functions\\\\node_modules\\\\firebase-admin\\\\lib\\\\index.js\"}}"}}
[debug] [2020-11-25T15:14:37.242Z] [runtime-status] [8832] Trigger "api" has been found, beginning invocation! {"metadata":{"emulator":{"name":"functions"},"function":{"name":"api"},"message":"[runtime-status] [8832] Trigger \"api\" has been found, beginning invocation!"}}
[info] i  functions: Beginning execution of "api" {"metadata":{"emulator":{"name":"functions"},"function":{"name":"api"},"message":"Beginning execution of \"api\""}}
[debug] [2020-11-25T15:14:37.245Z] [runtime-status] [8832] triggerDefinition {"httpsTrigger":{},"name":"api","entryPoint":"api"} {"metadata":{"emulator":{"name":"functions"},"function":{"name":"api"},"message":"[runtime-status] [8832] triggerDefinition {\"httpsTrigger\":{},\"name\":\"api\",\"entryPoint\":\"api\"}"}}
[debug] [2020-11-25T15:14:37.245Z] [runtime-status] [8832] Running api in mode HTTPS {"metadata":{"emulator":{"name":"functions"},"function":{"name":"api"},"message":"[runtime-status] [8832] Running api in mode HTTPS"}}
[debug] [2020-11-25T15:14:37.247Z] [runtime-status] [8832] Attempting to listen to socketPath: \\?\pipe\C:\Users\thinn\OneDrive\Desktop\amazon clone\amazon-clone\functions\8832 {"metadata":{"emulator":{"name":"functions"},"function":{"name":"api"},"message":"[runtime-status] [8832] Attempting to listen to socketPath: \\\\?\\pipe\\C:\\Users\\thinn\\OneDrive\\Desktop\\amazon clone\\amazon-clone\\functions\\8832"}}
[debug] [2020-11-25T15:14:37.251Z] [functions] Runtime ready! Sending request! {"metadata":{"emulator":{"name":"functions"},"message":"[functions] Runtime ready! Sending request!"}}
[debug] [2020-11-25T15:14:37.260Z] [runtime-status] [8832] Ephemeral server handling GET request {"metadata":{"emulator":{"name":"functions"},"function":{"name":"api"},"message":"[runtime-status] [8832] Ephemeral server handling GET request"}}
[debug] [2020-11-25T15:14:37.270Z] [runtime-status] [8832] Ephemeral server survived. {"metadata":{"emulator":{"name":"functions"},"function":{"name":"api"},"message":"[runtime-status] [8832] Ephemeral server survived."}}
[info] i  functions: Finished "api" in ~1s {"metadata":{"emulator":{"name":"functions"},"function":{"name":"api"},"message":"Finished \"api\" in ~1s"}}
[debug] [2020-11-25T15:14:37.273Z] [worker-api-3b087945-da0c-4fab-aeb5-91af240b6fd6]: IDLE {"metadata":{"emulator":{"name":"functions"},"message":"[worker-api-3b087945-da0c-4fab-aeb5-91af240b6fd6]: IDLE"}}
[debug] [2020-11-25T15:14:37.273Z] [work-queue] {"queueLength":0,"workRunningCount":0}
[debug] [2020-11-25T15:14:37.870Z] Functions emulator received unknown request at path /favicon.ico
[debug] [2020-11-25T15:37:25.551Z] Received signal SIGHUP 1
[debug] [2020-11-26T06:54:59.198Z] ----------------------------------------------------------------------
[debug] [2020-11-26T06:54:59.199Z] Command:       C:\Program Files\nodejs\node.exe C:\Users\thinn\AppData\Roaming\npm\node_modules\firebase-tools\lib\bin\firebase.js emulators:start
[debug] [2020-11-26T06:54:59.200Z] CLI Version:   8.14.0
[debug] [2020-11-26T06:54:59.200Z] Platform:      win32
[debug] [2020-11-26T06:54:59.200Z] Node Version:  v12.19.0
[debug] [2020-11-26T06:54:59.201Z] Time:          Thu Nov 26 2020 12:24:59 GMT+0530 (India Standard Time)
[debug] [2020-11-26T06:54:59.201Z] ----------------------------------------------------------------------
[debug] [2020-11-26T06:54:59.201Z] 
[debug] [2020-11-26T06:54:59.207Z] > command requires scopes: ["email","openid","https://www.googleapis.com/auth/cloudplatformprojects.readonly","https://www.googleapis.com/auth/firebase","https://www.googleapis.com/auth/cloud-platform"]
[debug] [2020-11-26T06:54:59.208Z] > authorizing via signed-in user
[info] i  emulators: Starting emulators: functions, hosting {"metadata":{"emulator":{"name":"hub"},"message":"Starting emulators: functions, hosting"}}
[warn] !  emulators: It seems that you are running multiple instances of the emulator suite for project clone-faf79. This may result in unexpected behavior. 
[debug] [2020-11-26T06:54:59.248Z] [hub] writing locator at C:\Users\thinn\AppData\Local\Temp\hub-clone-faf79.json
[warn] !  functions: The following emulators are not running, calls to these services from the Functions emulator will affect production: auth, firestore, database, pubsub {"metadata":{"emulator":{"name":"functions"},"message":"The following emulators are not running, calls to these services from the Functions emulator will affect production: \u001b[1mauth, firestore, database, pubsub\u001b[22m"}}
[info] +  functions: Using node@12 from host. {"metadata":{"emulator":{"name":"functions"},"message":"Using node@12 from host."}}
[debug] [2020-11-26T06:54:59.312Z] defaultcredentials: writing to file C:\Users\thinn\AppData\Roaming\firebase\sivakamit_gmail_com_application_default_credentials.json
[debug] [2020-11-26T06:54:59.324Z] Setting GAC to C:\Users\thinn\AppData\Roaming\firebase\sivakamit_gmail_com_application_default_credentials.json {"metadata":{"emulator":{"name":"functions"},"message":"Setting GAC to C:\\Users\\thinn\\AppData\\Roaming\\firebase\\sivakamit_gmail_com_application_default_credentials.json"}}
[debug] [2020-11-26T06:54:59.343Z] > refreshing access token with scopes: ["email","https://www.googleapis.com/auth/cloud-platform","https://www.googleapis.com/auth/cloudplatformprojects.readonly","https://www.googleapis.com/auth/firebase","openid"]
[debug] [2020-11-26T06:54:59.344Z] >>> HTTP REQUEST POST https://www.googleapis.com/oauth2/v3/token  
 <request body omitted>
[debug] [2020-11-26T06:54:59.611Z] <<< HTTP RESPONSE 200 {"pragma":"no-cache","expires":"Mon, 01 Jan 1990 00:00:00 GMT","cache-control":"no-cache, no-store, max-age=0, must-revalidate","date":"Thu, 26 Nov 2020 06:55:01 GMT","content-type":"application/json; charset=utf-8","vary":"X-Origin, Referer, Origin,Accept-Encoding","server":"scaffolding on HTTPServer2","x-xss-protection":"0","x-frame-options":"SAMEORIGIN","x-content-type-options":"nosniff","alt-svc":"h3-29=\":443\"; ma=2592000,h3-T051=\":443\"; ma=2592000,h3-Q050=\":443\"; ma=2592000,h3-Q046=\":443\"; ma=2592000,h3-Q043=\":443\"; ma=2592000,quic=\":443\"; ma=2592000; v=\"46,43\"","accept-ranges":"none","transfer-encoding":"chunked"}
[debug] [2020-11-26T06:54:59.647Z] >>> HTTP REQUEST GET https://firebase.googleapis.com/v1beta1/projects/clone-faf79/webApps/-/config  
 
[debug] [2020-11-26T06:55:01.413Z] <<< HTTP RESPONSE 200 {"content-type":"application/json; charset=UTF-8","vary":"X-Origin, Referer, Origin,Accept-Encoding","date":"Thu, 26 Nov 2020 06:55:02 GMT","server":"ESF","cache-control":"private","x-xss-protection":"0","x-frame-options":"SAMEORIGIN","x-content-type-options":"nosniff","alt-svc":"h3-29=\":443\"; ma=2592000,h3-T051=\":443\"; ma=2592000,h3-Q050=\":443\"; ma=2592000,h3-Q046=\":443\"; ma=2592000,h3-Q043=\":443\"; ma=2592000,quic=\":443\"; ma=2592000; v=\"46,43\"","accept-ranges":"none","transfer-encoding":"chunked"}
[info] i  hosting: Serving hosting files from: build {"metadata":{"emulator":{"name":"hosting"},"message":"Serving hosting files from: \u001b[1mbuild\u001b[22m"}}
[info] +  hosting: Local server: http://localhost:5000 {"metadata":{"emulator":{"name":"hosting"},"message":"Local server: \u001b[4m\u001b[1mhttp://localhost:5000\u001b[22m\u001b[24m"}}
[debug] [2020-11-26T06:55:01.574Z] Ignoring unsupported arg: auto_download {"metadata":{"emulator":{"name":"ui"},"message":"Ignoring unsupported arg: auto_download"}}
[debug] [2020-11-26T06:55:01.575Z] Ignoring unsupported arg: port {"metadata":{"emulator":{"name":"ui"},"message":"Ignoring unsupported arg: port"}}
[debug] [2020-11-26T06:55:01.575Z] Starting Emulator UI with command {"binary":"node","args":["C:\\Users\\thinn\\.cache\\firebase\\emulators\\ui-v1.2.2\\server.bundle.js"],"optionalArgs":[],"joinArgs":false} {"metadata":{"emulator":{"name":"ui"},"message":"Starting Emulator UI with command {\"binary\":\"node\",\"args\":[\"C:\\\\Users\\\\thinn\\\\.cache\\\\firebase\\\\emulators\\\\ui-v1.2.2\\\\server.bundle.js\"],\"optionalArgs\":[],\"joinArgs\":false}"}}
[info] i  ui: Emulator UI logging to ui-debug.log {"metadata":{"emulator":{"name":"ui"},"message":"Emulator UI logging to \u001b[1mui-debug.log\u001b[22m"}}
[debug] [2020-11-26T06:55:01.698Z] Web / API server started at http://localhost:4000
 {"metadata":{"emulator":{"name":"ui"},"message":"Web / API server started at http://localhost:4000\n"}}
[info] i  functions: Watching "C:\Users\thinn\OneDrive\Desktop\amazon clone\amazon-clone\functions" for Cloud Functions... {"metadata":{"emulator":{"name":"functions"},"message":"Watching \"C:\\Users\\thinn\\OneDrive\\Desktop\\amazon clone\\amazon-clone\\functions\" for Cloud Functions..."}}
[debug] [2020-11-26T06:55:01.874Z] [worker-pool] addWorker(~diagnostic~) {"metadata":{"emulator":{"name":"functions"},"message":"[worker-pool] addWorker(~diagnostic~)"}}
[debug] [2020-11-26T06:55:01.875Z] [worker-pool] Adding worker with key ~diagnostic~, total=1 {"metadata":{"emulator":{"name":"functions"},"message":"[worker-pool] Adding worker with key ~diagnostic~, total=1"}}
[debug] [2020-11-26T06:55:01.875Z] [worker-pool] submitWork(triggerId=) {"metadata":{"emulator":{"name":"functions"},"message":"[worker-pool] submitWork(triggerId=)"}}
[debug] [2020-11-26T06:55:01.876Z] [worker-~diagnostic~-dd7ef3c4-d42f-4ad9-8274-90d53e217437]: Assigning socketPath: \\?\pipe\C:\Users\thinn\OneDrive\Desktop\amazon clone\amazon-clone\functions\5640 {"metadata":{"emulator":{"name":"functions"},"message":"[worker-~diagnostic~-dd7ef3c4-d42f-4ad9-8274-90d53e217437]: Assigning socketPath: \\\\?\\pipe\\C:\\Users\\thinn\\OneDrive\\Desktop\\amazon clone\\amazon-clone\\functions\\5640"}}
[debug] [2020-11-26T06:55:01.876Z] [worker-~diagnostic~-dd7ef3c4-d42f-4ad9-8274-90d53e217437]: BUSY {"metadata":{"emulator":{"name":"functions"},"message":"[worker-~diagnostic~-dd7ef3c4-d42f-4ad9-8274-90d53e217437]: BUSY"}}
[debug] [2020-11-26T06:55:02.326Z] [runtime-status] [5640] Functions runtime initialized. {"cwd":"C:\\Users\\thinn\\OneDrive\\Desktop\\amazon clone\\amazon-clone\\functions","node_version":"12.19.0"} {"metadata":{"emulator":{"name":"functions"},"message":"[runtime-status] [5640] Functions runtime initialized. {\"cwd\":\"C:\\\\Users\\\\thinn\\\\OneDrive\\\\Desktop\\\\amazon clone\\\\amazon-clone\\\\functions\",\"node_version\":\"12.19.0\"}"}}
[debug] [2020-11-26T06:55:02.330Z] [runtime-status] [5640] Disabled runtime features: undefined {"metadata":{"emulator":{"name":"functions"},"message":"[runtime-status] [5640] Disabled runtime features: undefined"}}
[debug] [2020-11-26T06:55:02.344Z] [runtime-status] [5640] Resolved module firebase-admin {"declared":true,"installed":true,"version":"9.3.0","resolution":"C:\\Users\\thinn\\OneDrive\\Desktop\\amazon clone\\amazon-clone\\functions\\node_modules\\firebase-admin\\lib\\index.js"} {"metadata":{"emulator":{"name":"functions"},"message":"[runtime-status] [5640] Resolved module firebase-admin {\"declared\":true,\"installed\":true,\"version\":\"9.3.0\",\"resolution\":\"C:\\\\Users\\\\thinn\\\\OneDrive\\\\Desktop\\\\amazon clone\\\\amazon-clone\\\\functions\\\\node_modules\\\\firebase-admin\\\\lib\\\\index.js\"}"}}
[debug] [2020-11-26T06:55:02.361Z] [runtime-status] [5640] Resolved module firebase-functions {"declared":true,"installed":true,"version":"3.11.0","resolution":"C:\\Users\\thinn\\OneDrive\\Desktop\\amazon clone\\amazon-clone\\functions\\node_modules\\firebase-functions\\lib\\index.js"} {"metadata":{"emulator":{"name":"functions"},"message":"[runtime-status] [5640] Resolved module firebase-functions {\"declared\":true,\"installed\":true,\"version\":\"3.11.0\",\"resolution\":\"C:\\\\Users\\\\thinn\\\\OneDrive\\\\Desktop\\\\amazon clone\\\\amazon-clone\\\\functions\\\\node_modules\\\\firebase-functions\\\\lib\\\\index.js\"}"}}
[debug] [2020-11-26T06:55:02.362Z] [runtime-status] [5640] Resolved module firebase-functions {"declared":true,"installed":true,"version":"3.11.0","resolution":"C:\\Users\\thinn\\OneDrive\\Desktop\\amazon clone\\amazon-clone\\functions\\node_modules\\firebase-functions\\lib\\index.js"} {"metadata":{"emulator":{"name":"functions"},"message":"[runtime-status] [5640] Resolved module firebase-functions {\"declared\":true,\"installed\":true,\"version\":\"3.11.0\",\"resolution\":\"C:\\\\Users\\\\thinn\\\\OneDrive\\\\Desktop\\\\amazon clone\\\\amazon-clone\\\\functions\\\\node_modules\\\\firebase-functions\\\\lib\\\\index.js\"}"}}
[debug] [2020-11-26T06:55:02.363Z] [runtime-status] [5640] Outgoing network have been stubbed. [{"name":"http","status":"mocked"},{"name":"http","status":"mocked"},{"name":"https","status":"mocked"},{"name":"https","status":"mocked"},{"name":"net","status":"mocked"}] {"metadata":{"emulator":{"name":"functions"},"message":"[runtime-status] [5640] Outgoing network have been stubbed. [{\"name\":\"http\",\"status\":\"mocked\"},{\"name\":\"http\",\"status\":\"mocked\"},{\"name\":\"https\",\"status\":\"mocked\"},{\"name\":\"https\",\"status\":\"mocked\"},{\"name\":\"net\",\"status\":\"mocked\"}]"}}
[debug] [2020-11-26T06:55:02.364Z] [runtime-status] [5640] Resolved module firebase-functions {"declared":true,"installed":true,"version":"3.11.0","resolution":"C:\\Users\\thinn\\OneDrive\\Desktop\\amazon clone\\amazon-clone\\functions\\node_modules\\firebase-functions\\lib\\index.js"} {"metadata":{"emulator":{"name":"functions"},"message":"[runtime-status] [5640] Resolved module firebase-functions {\"declared\":true,\"installed\":true,\"version\":\"3.11.0\",\"resolution\":\"C:\\\\Users\\\\thinn\\\\OneDrive\\\\Desktop\\\\amazon clone\\\\amazon-clone\\\\functions\\\\node_modules\\\\firebase-functions\\\\lib\\\\index.js\"}"}}
[debug] [2020-11-26T06:55:02.866Z] [runtime-status] [5640] Checked functions.config() {"config":{}} {"metadata":{"emulator":{"name":"functions"},"message":"[runtime-status] [5640] Checked functions.config() {\"config\":{}}"}}
[debug] [2020-11-26T06:55:02.866Z] [runtime-status] [5640] firebase-functions has been stubbed. {"functionsResolution":{"declared":true,"installed":true,"version":"3.11.0","resolution":"C:\\Users\\thinn\\OneDrive\\Desktop\\amazon clone\\amazon-clone\\functions\\node_modules\\firebase-functions\\lib\\index.js"}} {"metadata":{"emulator":{"name":"functions"},"message":"[runtime-status] [5640] firebase-functions has been stubbed. {\"functionsResolution\":{\"declared\":true,\"installed\":true,\"version\":\"3.11.0\",\"resolution\":\"C:\\\\Users\\\\thinn\\\\OneDrive\\\\Desktop\\\\amazon clone\\\\amazon-clone\\\\functions\\\\node_modules\\\\firebase-functions\\\\lib\\\\index.js\"}}"}}
[debug] [2020-11-26T06:55:02.866Z] [runtime-status] [5640] Resolved module firebase-functions {"declared":true,"installed":true,"version":"3.11.0","resolution":"C:\\Users\\thinn\\OneDrive\\Desktop\\amazon clone\\amazon-clone\\functions\\node_modules\\firebase-functions\\lib\\index.js"} {"metadata":{"emulator":{"name":"functions"},"message":"[runtime-status] [5640] Resolved module firebase-functions {\"declared\":true,\"installed\":true,\"version\":\"3.11.0\",\"resolution\":\"C:\\\\Users\\\\thinn\\\\OneDrive\\\\Desktop\\\\amazon clone\\\\amazon-clone\\\\functions\\\\node_modules\\\\firebase-functions\\\\lib\\\\index.js\"}"}}
[debug] [2020-11-26T06:55:02.868Z] [runtime-status] [5640] Resolved module firebase-admin {"declared":true,"installed":true,"version":"9.3.0","resolution":"C:\\Users\\thinn\\OneDrive\\Desktop\\amazon clone\\amazon-clone\\functions\\node_modules\\firebase-admin\\lib\\index.js"} {"metadata":{"emulator":{"name":"functions"},"message":"[runtime-status] [5640] Resolved module firebase-admin {\"declared\":true,\"installed\":true,\"version\":\"9.3.0\",\"resolution\":\"C:\\\\Users\\\\thinn\\\\OneDrive\\\\Desktop\\\\amazon clone\\\\amazon-clone\\\\functions\\\\node_modules\\\\firebase-admin\\\\lib\\\\index.js\"}"}}
[debug] [2020-11-26T06:55:02.868Z] [runtime-status] [5640] Resolved module firebase-functions {"declared":true,"installed":true,"version":"3.11.0","resolution":"C:\\Users\\thinn\\OneDrive\\Desktop\\amazon clone\\amazon-clone\\functions\\node_modules\\firebase-functions\\lib\\index.js"} {"metadata":{"emulator":{"name":"functions"},"message":"[runtime-status] [5640] Resolved module firebase-functions {\"declared\":true,\"installed\":true,\"version\":\"3.11.0\",\"resolution\":\"C:\\\\Users\\\\thinn\\\\OneDrive\\\\Desktop\\\\amazon clone\\\\amazon-clone\\\\functions\\\\node_modules\\\\firebase-functions\\\\lib\\\\index.js\"}"}}
[debug] [2020-11-26T06:55:02.868Z] [runtime-status] [5640] firebase-admin has been stubbed. {"adminResolution":{"declared":true,"installed":true,"version":"9.3.0","resolution":"C:\\Users\\thinn\\OneDrive\\Desktop\\amazon clone\\amazon-clone\\functions\\node_modules\\firebase-admin\\lib\\index.js"}} {"metadata":{"emulator":{"name":"functions"},"message":"[runtime-status] [5640] firebase-admin has been stubbed. {\"adminResolution\":{\"declared\":true,\"installed\":true,\"version\":\"9.3.0\",\"resolution\":\"C:\\\\Users\\\\thinn\\\\OneDrive\\\\Desktop\\\\amazon clone\\\\amazon-clone\\\\functions\\\\node_modules\\\\firebase-admin\\\\lib\\\\index.js\"}}"}}
[info] +  functions[api]: http function initialized (http://localhost:5001/clone-faf79/us-central1/api). {"metadata":{"emulator":{"name":"functions"},"message":"\u001b[1mhttp\u001b[22m function initialized (http://localhost:5001/clone-faf79/us-central1/api)."}}
[info] 
┌───────────────────────────────────────────────────────────────────────┐
│ ✔  All emulators ready! View status and logs at http://localhost:4000 │
└───────────────────────────────────────────────────────────────────────┘

┌───────────┬────────────────┬─────────────────────────────────┐
│ Emulator  │ Host:Port      │ View in Emulator UI             │
├───────────┼────────────────┼─────────────────────────────────┤
│ Functions │ localhost:5001 │ http://localhost:4000/functions │
├───────────┼────────────────┼─────────────────────────────────┤
│ Hosting   │ localhost:5000 │ n/a                             │
└───────────┴────────────────┴─────────────────────────────────┘
  Other reserved ports: 4400, 4500

Issues? Report them at https://github.com/firebase/firebase-tools/issues and attach the *-debug.log files.
 
[debug] [2020-11-26T06:55:04.826Z] [worker-~diagnostic~-dd7ef3c4-d42f-4ad9-8274-90d53e217437]: IDLE {"metadata":{"emulator":{"name":"functions"},"message":"[worker-~diagnostic~-dd7ef3c4-d42f-4ad9-8274-90d53e217437]: IDLE"}}
[debug] [2020-11-26T06:55:12.900Z] [work-queue] {"queueLength":1,"workRunningCount":0}
[debug] [2020-11-26T06:55:12.900Z] [work-queue] {"queueLength":0,"workRunningCount":1}
[debug] [2020-11-26T06:55:12.900Z] Accepted request GET /clone-faf79/us-central1/api --> api
[debug] [2020-11-26T06:55:12.907Z] [worker-pool] addWorker(api) {"metadata":{"emulator":{"name":"functions"},"message":"[worker-pool] addWorker(api)"}}
[debug] [2020-11-26T06:55:12.908Z] [worker-pool] Adding worker with key api, total=1 {"metadata":{"emulator":{"name":"functions"},"message":"[worker-pool] Adding worker with key api, total=1"}}
[debug] [2020-11-26T06:55:12.908Z] [worker-pool] submitWork(triggerId=api) {"metadata":{"emulator":{"name":"functions"},"message":"[worker-pool] submitWork(triggerId=api)"}}
[debug] [2020-11-26T06:55:12.908Z] [worker-api-c37f66da-1814-4491-993e-1bd01c495c6c]: Assigning socketPath: \\?\pipe\C:\Users\thinn\OneDrive\Desktop\amazon clone\amazon-clone\functions\4364 {"metadata":{"emulator":{"name":"functions"},"message":"[worker-api-c37f66da-1814-4491-993e-1bd01c495c6c]: Assigning socketPath: \\\\?\\pipe\\C:\\Users\\thinn\\OneDrive\\Desktop\\amazon clone\\amazon-clone\\functions\\4364"}}
[debug] [2020-11-26T06:55:12.908Z] [worker-api-c37f66da-1814-4491-993e-1bd01c495c6c]: BUSY {"metadata":{"emulator":{"name":"functions"},"message":"[worker-api-c37f66da-1814-4491-993e-1bd01c495c6c]: BUSY"}}
[debug] [2020-11-26T06:55:13.326Z] [runtime-status] [4364] Functions runtime initialized. {"cwd":"C:\\Users\\thinn\\OneDrive\\Desktop\\amazon clone\\amazon-clone\\functions","node_version":"12.19.0"} {"metadata":{"emulator":{"name":"functions"},"function":{"name":"api"},"message":"[runtime-status] [4364] Functions runtime initialized. {\"cwd\":\"C:\\\\Users\\\\thinn\\\\OneDrive\\\\Desktop\\\\amazon clone\\\\amazon-clone\\\\functions\",\"node_version\":\"12.19.0\"}"}}
[debug] [2020-11-26T06:55:13.330Z] [runtime-status] [4364] Disabled runtime features: undefined {"metadata":{"emulator":{"name":"functions"},"function":{"name":"api"},"message":"[runtime-status] [4364] Disabled runtime features: undefined"}}
[debug] [2020-11-26T06:55:13.333Z] [runtime-status] [4364] Resolved module firebase-admin {"declared":true,"installed":true,"version":"9.3.0","resolution":"C:\\Users\\thinn\\OneDrive\\Desktop\\amazon clone\\amazon-clone\\functions\\node_modules\\firebase-admin\\lib\\index.js"} {"metadata":{"emulator":{"name":"functions"},"function":{"name":"api"},"message":"[runtime-status] [4364] Resolved module firebase-admin {\"declared\":true,\"installed\":true,\"version\":\"9.3.0\",\"resolution\":\"C:\\\\Users\\\\thinn\\\\OneDrive\\\\Desktop\\\\amazon clone\\\\amazon-clone\\\\functions\\\\node_modules\\\\firebase-admin\\\\lib\\\\index.js\"}"}}
[debug] [2020-11-26T06:55:13.339Z] [runtime-status] [4364] Resolved module firebase-functions {"declared":true,"installed":true,"version":"3.11.0","resolution":"C:\\Users\\thinn\\OneDrive\\Desktop\\amazon clone\\amazon-clone\\functions\\node_modules\\firebase-functions\\lib\\index.js"} {"metadata":{"emulator":{"name":"functions"},"function":{"name":"api"},"message":"[runtime-status] [4364] Resolved module firebase-functions {\"declared\":true,\"installed\":true,\"version\":\"3.11.0\",\"resolution\":\"C:\\\\Users\\\\thinn\\\\OneDrive\\\\Desktop\\\\amazon clone\\\\amazon-clone\\\\functions\\\\node_modules\\\\firebase-functions\\\\lib\\\\index.js\"}"}}
[debug] [2020-11-26T06:55:13.340Z] [runtime-status] [4364] Resolved module firebase-functions {"declared":true,"installed":true,"version":"3.11.0","resolution":"C:\\Users\\thinn\\OneDrive\\Desktop\\amazon clone\\amazon-clone\\functions\\node_modules\\firebase-functions\\lib\\index.js"} {"metadata":{"emulator":{"name":"functions"},"function":{"name":"api"},"message":"[runtime-status] [4364] Resolved module firebase-functions {\"declared\":true,\"installed\":true,\"version\":\"3.11.0\",\"resolution\":\"C:\\\\Users\\\\thinn\\\\OneDrive\\\\Desktop\\\\amazon clone\\\\amazon-clone\\\\functions\\\\node_modules\\\\firebase-functions\\\\lib\\\\index.js\"}"}}
[debug] [2020-11-26T06:55:13.342Z] [runtime-status] [4364] Outgoing network have been stubbed. [{"name":"http","status":"mocked"},{"name":"http","status":"mocked"},{"name":"https","status":"mocked"},{"name":"https","status":"mocked"},{"name":"net","status":"mocked"}] {"metadata":{"emulator":{"name":"functions"},"function":{"name":"api"},"message":"[runtime-status] [4364] Outgoing network have been stubbed. [{\"name\":\"http\",\"status\":\"mocked\"},{\"name\":\"http\",\"status\":\"mocked\"},{\"name\":\"https\",\"status\":\"mocked\"},{\"name\":\"https\",\"status\":\"mocked\"},{\"name\":\"net\",\"status\":\"mocked\"}]"}}
[debug] [2020-11-26T06:55:13.343Z] [runtime-status] [4364] Resolved module firebase-functions {"declared":true,"installed":true,"version":"3.11.0","resolution":"C:\\Users\\thinn\\OneDrive\\Desktop\\amazon clone\\amazon-clone\\functions\\node_modules\\firebase-functions\\lib\\index.js"} {"metadata":{"emulator":{"name":"functions"},"function":{"name":"api"},"message":"[runtime-status] [4364] Resolved module firebase-functions {\"declared\":true,\"installed\":true,\"version\":\"3.11.0\",\"resolution\":\"C:\\\\Users\\\\thinn\\\\OneDrive\\\\Desktop\\\\amazon clone\\\\amazon-clone\\\\functions\\\\node_modules\\\\firebase-functions\\\\lib\\\\index.js\"}"}}
[debug] [2020-11-26T06:55:13.390Z] [runtime-status] [4364] Checked functions.config() {"config":{}} {"metadata":{"emulator":{"name":"functions"},"function":{"name":"api"},"message":"[runtime-status] [4364] Checked functions.config() {\"config\":{}}"}}
[debug] [2020-11-26T06:55:13.390Z] [runtime-status] [4364] firebase-functions has been stubbed. {"functionsResolution":{"declared":true,"installed":true,"version":"3.11.0","resolution":"C:\\Users\\thinn\\OneDrive\\Desktop\\amazon clone\\amazon-clone\\functions\\node_modules\\firebase-functions\\lib\\index.js"}} {"metadata":{"emulator":{"name":"functions"},"function":{"name":"api"},"message":"[runtime-status] [4364] firebase-functions has been stubbed. {\"functionsResolution\":{\"declared\":true,\"installed\":true,\"version\":\"3.11.0\",\"resolution\":\"C:\\\\Users\\\\thinn\\\\OneDrive\\\\Desktop\\\\amazon clone\\\\amazon-clone\\\\functions\\\\node_modules\\\\firebase-functions\\\\lib\\\\index.js\"}}"}}
[debug] [2020-11-26T06:55:13.391Z] [runtime-status] [4364] Resolved module firebase-functions {"declared":true,"installed":true,"version":"3.11.0","resolution":"C:\\Users\\thinn\\OneDrive\\Desktop\\amazon clone\\amazon-clone\\functions\\node_modules\\firebase-functions\\lib\\index.js"} {"metadata":{"emulator":{"name":"functions"},"function":{"name":"api"},"message":"[runtime-status] [4364] Resolved module firebase-functions {\"declared\":true,\"installed\":true,\"version\":\"3.11.0\",\"resolution\":\"C:\\\\Users\\\\thinn\\\\OneDrive\\\\Desktop\\\\amazon clone\\\\amazon-clone\\\\functions\\\\node_modules\\\\firebase-functions\\\\lib\\\\index.js\"}"}}
[debug] [2020-11-26T06:55:13.392Z] [runtime-status] [4364] Resolved module firebase-admin {"declared":true,"installed":true,"version":"9.3.0","resolution":"C:\\Users\\thinn\\OneDrive\\Desktop\\amazon clone\\amazon-clone\\functions\\node_modules\\firebase-admin\\lib\\index.js"} {"metadata":{"emulator":{"name":"functions"},"function":{"name":"api"},"message":"[runtime-status] [4364] Resolved module firebase-admin {\"declared\":true,\"installed\":true,\"version\":\"9.3.0\",\"resolution\":\"C:\\\\Users\\\\thinn\\\\OneDrive\\\\Desktop\\\\amazon clone\\\\amazon-clone\\\\functions\\\\node_modules\\\\firebase-admin\\\\lib\\\\index.js\"}"}}
[debug] [2020-11-26T06:55:13.392Z] [runtime-status] [4364] Resolved module firebase-functions {"declared":true,"installed":true,"version":"3.11.0","resolution":"C:\\Users\\thinn\\OneDrive\\Desktop\\amazon clone\\amazon-clone\\functions\\node_modules\\firebase-functions\\lib\\index.js"} {"metadata":{"emulator":{"name":"functions"},"function":{"name":"api"},"message":"[runtime-status] [4364] Resolved module firebase-functions {\"declared\":true,\"installed\":true,\"version\":\"3.11.0\",\"resolution\":\"C:\\\\Users\\\\thinn\\\\OneDrive\\\\Desktop\\\\amazon clone\\\\amazon-clone\\\\functions\\\\node_modules\\\\firebase-functions\\\\lib\\\\index.js\"}"}}
[debug] [2020-11-26T06:55:13.393Z] [runtime-status] [4364] firebase-admin has been stubbed. {"adminResolution":{"declared":true,"installed":true,"version":"9.3.0","resolution":"C:\\Users\\thinn\\OneDrive\\Desktop\\amazon clone\\amazon-clone\\functions\\node_modules\\firebase-admin\\lib\\index.js"}} {"metadata":{"emulator":{"name":"functions"},"function":{"name":"api"},"message":"[runtime-status] [4364] firebase-admin has been stubbed. {\"adminResolution\":{\"declared\":true,\"installed\":true,\"version\":\"9.3.0\",\"resolution\":\"C:\\\\Users\\\\thinn\\\\OneDrive\\\\Desktop\\\\amazon clone\\\\amazon-clone\\\\functions\\\\node_modules\\\\firebase-admin\\\\lib\\\\index.js\"}}"}}
[debug] [2020-11-26T06:55:13.547Z] [runtime-status] [4364] Trigger "api" has been found, beginning invocation! {"metadata":{"emulator":{"name":"functions"},"function":{"name":"api"},"message":"[runtime-status] [4364] Trigger \"api\" has been found, beginning invocation!"}}
[info] i  functions: Beginning execution of "api" {"metadata":{"emulator":{"name":"functions"},"function":{"name":"api"},"message":"Beginning execution of \"api\""}}
[debug] [2020-11-26T06:55:13.548Z] [runtime-status] [4364] triggerDefinition {"httpsTrigger":{},"name":"api","entryPoint":"api"} {"metadata":{"emulator":{"name":"functions"},"function":{"name":"api"},"message":"[runtime-status] [4364] triggerDefinition {\"httpsTrigger\":{},\"name\":\"api\",\"entryPoint\":\"api\"}"}}
[debug] [2020-11-26T06:55:13.548Z] [runtime-status] [4364] Running api in mode HTTPS {"metadata":{"emulator":{"name":"functions"},"function":{"name":"api"},"message":"[runtime-status] [4364] Running api in mode HTTPS"}}
[debug] [2020-11-26T06:55:13.553Z] [runtime-status] [4364] Attempting to listen to socketPath: \\?\pipe\C:\Users\thinn\OneDrive\Desktop\amazon clone\amazon-clone\functions\4364 {"metadata":{"emulator":{"name":"functions"},"function":{"name":"api"},"message":"[runtime-status] [4364] Attempting to listen to socketPath: \\\\?\\pipe\\C:\\Users\\thinn\\OneDrive\\Desktop\\amazon clone\\amazon-clone\\functions\\4364"}}
[debug] [2020-11-26T06:55:13.556Z] [functions] Runtime ready! Sending request! {"metadata":{"emulator":{"name":"functions"},"message":"[functions] Runtime ready! Sending request!"}}
[debug] [2020-11-26T06:55:13.565Z] [runtime-status] [4364] Ephemeral server handling GET request {"metadata":{"emulator":{"name":"functions"},"function":{"name":"api"},"message":"[runtime-status] [4364] Ephemeral server handling GET request"}}
[debug] [2020-11-26T06:55:13.573Z] [runtime-status] [4364] Ephemeral server survived. {"metadata":{"emulator":{"name":"functions"},"function":{"name":"api"},"message":"[runtime-status] [4364] Ephemeral server survived."}}
[info] i  functions: Finished "api" in ~1s {"metadata":{"emulator":{"name":"functions"},"function":{"name":"api"},"message":"Finished \"api\" in ~1s"}}
[debug] [2020-11-26T06:55:13.576Z] [worker-api-c37f66da-1814-4491-993e-1bd01c495c6c]: IDLE {"metadata":{"emulator":{"name":"functions"},"message":"[worker-api-c37f66da-1814-4491-993e-1bd01c495c6c]: IDLE"}}
[debug] [2020-11-26T06:55:13.576Z] [work-queue] {"queueLength":0,"workRunningCount":0}
[debug] [2020-11-26T06:55:14.043Z] Functions emulator received unknown request at path /favicon.ico
[debug] [2020-11-26T07:45:16.738Z] Received signal SIGHUP 1
